{
  "RSpec": {
    "coverage": {
      "/Users/bhargavi/Turing/session3/rendevu/spec/rails_helper.rb": [
        null,
        1,
        1,
        1,
        1,
        1,
        null,
        null,
        null,
        null,
        null,
        null,
        null,
        null,
        null,
        null,
        null,
        null,
        null,
        null,
        null,
        null,
        null,
        null,
        null,
        1,
        null,
        1,
        null,
        1,
        null,
        null,
        null,
        null,
        1,
        null,
        null,
        null,
        null,
        null,
        null,
        null,
        null,
        null,
        null,
        null,
        null,
        null,
        null,
        1,
        null
      ],
      "/Users/bhargavi/Turing/session3/rendevu/config/environment.rb": [
        null,
        1,
        null,
        null,
        1
      ],
      "/Users/bhargavi/Turing/session3/rendevu/config/application.rb": [
        1,
        null,
        1,
        null,
        null,
        null,
        1,
        null,
        1,
        1,
        null,
        null,
        null,
        null,
        null,
        null,
        null,
        null,
        null,
        null,
        null,
        null,
        null,
        1,
        null,
        null
      ],
      "/Users/bhargavi/Turing/session3/rendevu/config/boot.rb": [
        1,
        null,
        1
      ],
      "/Users/bhargavi/Turing/session3/rendevu/config/environments/test.rb": [
        1,
        null,
        null,
        null,
        null,
        null,
        null,
        1,
        null,
        null,
        null,
        null,
        1,
        null,
        null,
        1,
        1,
        null,
        null,
        1,
        1,
        null,
        null,
        1,
        null,
        null,
        1,
        null,
        null,
        null,
        null,
        1,
        null,
        null,
        1,
        null,
        null,
        1,
        null,
        null,
        null,
        null
      ],
      "/Users/bhargavi/Turing/session3/rendevu/config/initializers/assets.rb": [
        null,
        null,
        null,
        1,
        null,
        null,
        null,
        null,
        null,
        null,
        null
      ],
      "/Users/bhargavi/Turing/session3/rendevu/config/initializers/backtrace_silencers.rb": [
        null,
        null,
        null,
        null,
        null,
        null,
        null
      ],
      "/Users/bhargavi/Turing/session3/rendevu/config/initializers/cookies_serializer.rb": [
        null,
        null,
        1
      ],
      "/Users/bhargavi/Turing/session3/rendevu/config/initializers/filter_parameter_logging.rb": [
        null,
        null,
        null,
        1
      ],
      "/Users/bhargavi/Turing/session3/rendevu/config/initializers/inflections.rb": [
        null,
        null,
        null,
        null,
        null,
        null,
        null,
        null,
        null,
        null,
        null,
        null,
        null,
        null,
        null,
        null
      ],
      "/Users/bhargavi/Turing/session3/rendevu/config/initializers/mime_types.rb": [
        null,
        null,
        null,
        null
      ],
      "/Users/bhargavi/Turing/session3/rendevu/config/initializers/omniauth.rb": [
        1,
        1,
        null
      ],
      "/Users/bhargavi/Turing/session3/rendevu/config/initializers/session_store.rb": [
        null,
        null,
        1
      ],
      "/Users/bhargavi/Turing/session3/rendevu/config/initializers/wrap_parameters.rb": [
        null,
        null,
        null,
        null,
        null,
        null,
        1,
        1,
        null,
        null,
        null,
        null,
        null,
        null
      ],
      "/Users/bhargavi/Turing/session3/rendevu/spec/factories.rb": [
        1,
        null,
        1,
        1,
        1,
        1,
        1,
        1,
        null,
        null,
        1,
        1,
        1,
        null,
        null,
        1,
        1,
        null,
        null,
        null
      ],
      "/Users/bhargavi/Turing/session3/rendevu/spec/factories/options.rb": [
        1,
        1,
        1,
        1,
        null,
        null,
        null
      ],
      "/Users/bhargavi/Turing/session3/rendevu/config/routes.rb": [
        1,
        1,
        1,
        null,
        1,
        null,
        1,
        1,
        1,
        1,
        1,
        null,
        1,
        1,
        1,
        null,
        1,
        1,
        null,
        1,
        1,
        null,
        1,
        1,
        1,
        null,
        null,
        null,
        null,
        null,
        null,
        null,
        null,
        null,
        null,
        null,
        null,
        null,
        null,
        null,
        null,
        null,
        null,
        null,
        null,
        null,
        null,
        null,
        null,
        null,
        null,
        null,
        null,
        null,
        null,
        null,
        null,
        null,
        null,
        null,
        null,
        null,
        null,
        null,
        null,
        null,
        null,
        null,
        null,
        null,
        null,
        null,
        null,
        null,
        null,
        null,
        null,
        null,
        null,
        null,
        null
      ],
      "/Users/bhargavi/Turing/session3/rendevu/app/helpers/application_helper.rb": [
        1,
        1,
        null,
        null,
        null,
        null,
        null,
        null,
        1,
        4,
        null,
        null,
        null
      ],
      "/Users/bhargavi/Turing/session3/rendevu/app/helpers/friends_helper.rb": [
        1,
        null
      ],
      "/Users/bhargavi/Turing/session3/rendevu/spec/support/factory_girl.rb": [
        1,
        1,
        null,
        1,
        1,
        1,
        1,
        null,
        1,
        null,
        null,
        null
      ],
      "/Users/bhargavi/Turing/session3/rendevu/spec/controllers/cart_items_controller_spec.rb": [
        1,
        null,
        null,
        1,
        null,
        1,
        null,
        1,
        1,
        1,
        null,
        1,
        null,
        null,
        null,
        1,
        null,
        1,
        1,
        1,
        1,
        1,
        null,
        null,
        null
      ],
      "/Users/bhargavi/Turing/session3/rendevu/app/controllers/cart_items_controller.rb": [
        1,
        null,
        1,
        2,
        2,
        2,
        null,
        null,
        1,
        1,
        1,
        null,
        null
      ],
      "/Users/bhargavi/Turing/session3/rendevu/app/controllers/application_controller.rb": [
        1,
        null,
        null,
        1,
        null,
        1,
        null,
        1,
        27,
        null,
        null,
        1,
        1,
        null,
        null,
        1,
        48,
        null,
        1,
        null,
        1,
        2,
        2,
        null,
        null,
        1,
        0,
        0,
        0,
        0,
        0,
        0,
        null,
        null,
        null
      ],
      "/Users/bhargavi/Turing/session3/rendevu/spec/controllers/friends_controller_spec.rb": [
        1,
        null,
        1,
        null,
        1,
        9,
        null,
        null,
        null,
        1,
        null,
        1,
        1,
        1,
        1,
        null,
        null,
        1,
        1,
        1,
        1,
        null,
        null,
        null,
        1,
        null,
        1,
        1,
        1,
        1,
        null,
        null,
        1,
        1,
        1,
        1,
        null,
        null,
        null,
        1,
        null,
        1,
        1,
        1,
        1,
        1,
        null,
        null,
        null,
        1,
        null,
        1,
        1,
        1,
        1,
        1,
        null,
        null,
        1,
        1,
        1,
        1,
        1,
        null,
        null,
        null,
        1,
        null,
        1,
        1,
        1,
        1,
        1,
        1,
        null,
        null,
        null,
        1,
        null,
        1,
        1,
        1,
        1,
        1,
        null,
        null,
        null,
        1,
        9,
        9,
        null,
        null,
        null,
        null,
        null
      ],
      "/Users/bhargavi/Turing/session3/rendevu/app/controllers/friends_controller.rb": [
        1,
        1,
        8,
        7,
        null,
        1,
        1,
        null,
        null,
        null,
        1,
        4,
        null,
        null,
        1,
        3,
        3,
        3,
        3,
        3,
        3,
        null,
        0,
        null,
        null,
        null,
        1,
        2,
        null,
        null,
        1,
        1,
        1,
        1,
        1,
        null,
        0,
        null,
        null,
        null,
        1,
        1,
        1,
        null,
        null,
        1,
        null,
        1,
        4,
        null,
        null
      ],
      "/Users/bhargavi/Turing/session3/rendevu/spec/controllers/plans_controller_spec.rb": [
        1,
        null,
        1,
        1,
        2,
        null,
        null,
        null,
        1,
        null,
        1,
        1,
        1,
        1,
        null,
        null,
        1,
        1,
        1,
        1,
        null,
        null,
        null,
        1,
        2,
        2,
        null,
        null,
        null,
        null,
        null,
        null
      ],
      "/Users/bhargavi/Turing/session3/rendevu/app/controllers/plans_controller.rb": [
        1,
        1,
        1,
        5,
        4,
        null,
        1,
        1,
        null,
        null,
        null,
        1,
        1,
        1,
        null,
        null,
        1,
        0,
        null,
        null,
        1,
        0,
        null,
        null,
        null,
        null,
        0,
        0,
        0,
        null,
        0,
        0,
        null,
        0,
        null,
        0,
        0,
        null,
        null,
        null,
        1,
        0,
        0,
        null,
        null,
        1,
        0,
        0,
        0,
        0,
        0,
        0,
        0,
        null,
        0,
        null,
        null,
        null,
        1,
        null,
        1,
        0,
        null,
        null,
        1,
        0,
        0,
        0,
        0,
        null,
        null,
        null,
        1,
        0,
        0,
        null,
        null,
        null
      ],
      "/Users/bhargavi/Turing/session3/rendevu/spec/integration/logged_in_user_spec.rb": [
        1,
        null,
        1,
        1,
        null,
        null,
        1,
        4,
        null,
        null,
        null,
        1,
        1,
        1,
        1,
        1,
        null,
        1,
        null,
        null,
        1,
        1,
        1,
        1,
        1,
        1,
        1,
        null,
        1,
        1,
        1,
        1,
        1,
        1,
        null,
        null,
        null,
        1,
        1,
        1,
        1,
        1,
        null,
        1,
        null,
        null,
        1,
        1,
        1,
        1,
        1,
        null,
        1,
        1,
        1,
        null,
        null,
        null,
        1,
        null,
        1,
        4,
        4,
        null,
        null,
        null,
        null,
        1,
        2,
        2,
        2,
        2,
        null,
        null
      ],
      "/Users/bhargavi/Turing/session3/rendevu/spec/integration/login_spec.rb": [
        1,
        null,
        1,
        1,
        null,
        1,
        1,
        1,
        null,
        1,
        1,
        1,
        1,
        1,
        1,
        null,
        null,
        1,
        1,
        null,
        1,
        1,
        1,
        1,
        1,
        1,
        null,
        null,
        null,
        1,
        1,
        1,
        1,
        1,
        null,
        null,
        1,
        1,
        1,
        1,
        1,
        null,
        1,
        null,
        null,
        1,
        1,
        1,
        1,
        1,
        null,
        1,
        null,
        null,
        null
      ],
      "/Users/bhargavi/Turing/session3/rendevu/spec/integration/place_spec.rb": [

      ],
      "/Users/bhargavi/Turing/session3/rendevu/spec/integration/static_pages_spec.rb": [
        1,
        null,
        1,
        null,
        1,
        null,
        1,
        1,
        1,
        null,
        null,
        null
      ],
      "/Users/bhargavi/Turing/session3/rendevu/spec/models/cart_spec.rb": [
        1,
        null,
        1,
        null,
        1,
        1,
        1,
        null,
        null,
        1,
        1,
        1,
        1,
        null,
        null,
        1,
        1,
        1,
        1,
        1,
        1,
        null,
        null,
        1,
        1,
        1,
        1,
        1,
        1,
        null,
        null,
        1,
        1,
        1,
        1,
        1,
        1,
        1,
        null,
        null
      ],
      "/Users/bhargavi/Turing/session3/rendevu/app/models/cart.rb": [
        1,
        1,
        null,
        1,
        53,
        null,
        null,
        1,
        0,
        null,
        null,
        1,
        8,
        null,
        null,
        1,
        35,
        null,
        null,
        1,
        2,
        null,
        null,
        1,
        1,
        null,
        null,
        1,
        19,
        null,
        null
      ],
      "/Users/bhargavi/Turing/session3/rendevu/spec/models/friend_spec.rb": [
        1,
        null,
        1,
        null,
        1,
        1,
        1,
        null,
        null,
        1,
        1,
        1,
        null,
        null,
        1,
        1,
        1,
        null,
        null,
        1,
        1,
        1,
        1,
        1,
        1,
        1,
        1,
        null,
        null,
        1,
        1,
        1,
        1,
        1,
        null,
        null,
        null
      ],
      "/Users/bhargavi/Turing/session3/rendevu/app/models/friend.rb": [
        1,
        1,
        null,
        1,
        1,
        null,
        null,
        1,
        1,
        null
      ],
      "/Users/bhargavi/Turing/session3/rendevu/spec/models/invitation_spec.rb": [
        1,
        null,
        1,
        3,
        null,
        2,
        null,
        null,
        1,
        1,
        null,
        1,
        1,
        1,
        1,
        null,
        null,
        1,
        1,
        1,
        1,
        null,
        null,
        null
      ],
      "/Users/bhargavi/Turing/session3/rendevu/app/models/invitation.rb": [
        1,
        1,
        1,
        null,
        null,
        null
      ],
      "/Users/bhargavi/Turing/session3/rendevu/spec/models/option_spec.rb": [
        1,
        null,
        1,
        1,
        null,
        null,
        null
      ],
      "/Users/bhargavi/Turing/session3/rendevu/app/models/option.rb": [
        1,
        1,
        null,
        1,
        0,
        null,
        null
      ],
      "/Users/bhargavi/Turing/session3/rendevu/spec/models/plan_spec.rb": [
        1,
        null,
        1,
        13,
        null,
        13,
        null,
        null,
        12,
        12,
        null,
        null,
        1,
        1,
        null,
        null,
        1,
        1,
        1,
        null,
        null,
        1,
        1,
        1,
        null,
        null,
        1,
        1,
        1,
        null,
        null,
        1,
        1,
        1,
        null,
        null,
        1,
        1,
        1,
        1,
        null,
        null,
        1,
        1,
        1,
        1,
        null,
        null,
        1,
        1,
        1,
        null,
        null,
        1,
        1,
        1,
        null,
        null,
        1,
        1,
        1,
        1,
        1,
        1,
        null,
        null,
        1,
        1,
        1,
        1,
        1,
        null,
        null,
        1,
        1,
        1,
        1,
        null,
        null,
        null
      ],
      "/Users/bhargavi/Turing/session3/rendevu/app/models/plan.rb": [
        1,
        1,
        1,
        1,
        1,
        null,
        1,
        1,
        1,
        1,
        null,
        null,
        1,
        1,
        null,
        1,
        15,
        15,
        15,
        15,
        null,
        null,
        1,
        25,
        2,
        null,
        null,
        null,
        null,
        null,
        null,
        null,
        null,
        null,
        1,
        16,
        16,
        16,
        null,
        null,
        null,
        null,
        1,
        18,
        36,
        36,
        36,
        36,
        null,
        null,
        null,
        null,
        1,
        2,
        null,
        null,
        1,
        2,
        null,
        null,
        1,
        0,
        null,
        null,
        1,
        0,
        0,
        0,
        null,
        null
      ],
      "/Users/bhargavi/Turing/session3/rendevu/spec/models/user_spec.rb": [
        1,
        null,
        1,
        null,
        1,
        1,
        1,
        null,
        null,
        1,
        1,
        null,
        1,
        1,
        null,
        null,
        1,
        1,
        null,
        1,
        1,
        null,
        null,
        1,
        1,
        null,
        1,
        1,
        null,
        null,
        1,
        1,
        null,
        1,
        1,
        null,
        null,
        1,
        1,
        null,
        1,
        1,
        null,
        null,
        1,
        1,
        1,
        null,
        1,
        1,
        null,
        1,
        1,
        null,
        1,
        1,
        1,
        null,
        null,
        1,
        1,
        null,
        1,
        1,
        1,
        1,
        null,
        null
      ],
      "/Users/bhargavi/Turing/session3/rendevu/app/models/user.rb": [
        1,
        1,
        1,
        null,
        41,
        1,
        1,
        1,
        1,
        null,
        null,
        null,
        null,
        1,
        null,
        1,
        0,
        0,
        0,
        0,
        0,
        0,
        0,
        0,
        0,
        null,
        0,
        null,
        null,
        null,
        null
      ],
      "/Users/bhargavi/Turing/session3/rendevu/app/models/twilio_messenger.rb": [
        1,
        null,
        1,
        3,
        3,
        null,
        null,
        1,
        0,
        0,
        null,
        null
      ],
      "/Users/bhargavi/Turing/session3/rendevu/app/controllers/static_pages_controller.rb": [
        1,
        null,
        null,
        null,
        null,
        1,
        null,
        null,
        null
      ],
      "/Users/bhargavi/Turing/session3/rendevu/app/controllers/venues_controller.rb": [
        1,
        1,
        2,
        null,
        null,
        null
      ],
      "/Users/bhargavi/Turing/session3/rendevu/app/models/venue.rb": [
        1,
        null,
        1,
        1,
        2,
        null,
        null,
        1,
        20,
        null,
        null,
        1,
        0,
        null,
        null,
        1,
        18,
        null,
        null
      ],
      "/Users/bhargavi/Turing/session3/rendevu/app/services/foursquare_service.rb": [
        1,
        null,
        1,
        1,
        null,
        1,
        null,
        1,
        null,
        null,
        1,
        2,
        2,
        null,
        2,
        2,
        2,
        2,
        18,
        null,
        null,
        2,
        null,
        null,
        1,
        18,
        18,
        18,
        16,
        null,
        18,
        null,
        null,
        1,
        null,
        1,
        20,
        null,
        null,
        1,
        null,
        null,
        null,
        null,
        1,
        null,
        null,
        1,
        null,
        null,
        null,
        null,
        null,
        null,
        null,
        null,
        2,
        null,
        null,
        1,
        1,
        null,
        null,
        null
      ],
      "/Users/bhargavi/Turing/session3/rendevu/app/controllers/sessions_controller.rb": [
        1,
        1,
        4,
        0,
        null,
        4,
        null,
        null,
        null,
        1,
        2,
        null,
        2,
        2,
        2,
        2,
        null,
        0,
        0,
        null,
        null,
        null,
        1,
        0,
        0,
        0,
        null,
        null,
        1,
        null,
        1,
        2,
        null,
        null,
        1,
        2,
        2,
        2,
        null,
        null,
        null,
        1,
        2,
        0,
        null,
        null,
        null
      ]
    },
    "timestamp": 1426752365
  }
}
